<?xml version="1.0" encoding="UTF-8"?>
<!-- Generated by org.testng.reporters.JUnitXMLReporter -->
<testsuite ignored="0" hostname="LTIN675367" failures="0" tests="3" name="Default test" time="34.119" errors="0" timestamp="2026-01-28T09:51:41 IST">
  <testcase classname="testCase.MainTestPage" name="validateTitle" time="0.064"/>
  <testcase classname="testCase.MainTestPage" name="validateLoginFunctionality" time="6.072"/>
  <testcase classname="testCase.MainTestPage" name="validateSearchResults" time="10.883"/>
</testsuite> <!-- Default test -->
