<?xml version="1.0" encoding="UTF-8"?>
<!-- Generated by org.testng.reporters.JUnitXMLReporter -->
<testsuite ignored="0" hostname="LTIN675367" failures="0" tests="3" name="Chrome" time="29.602" errors="0" timestamp="2026-01-28T09:34:22 IST">
  <testcase classname="testCase.MainTestPage" name="validateTitle" time="0.045"/>
  <testcase classname="testCase.MainTestPage" name="validateLoginFunctionality" time="4.951"/>
  <testcase classname="testCase.MainTestPage" name="validateSearchResults" time="10.331"/>
</testsuite> <!-- Chrome -->
