<?xml version="1.0" encoding="UTF-8"?>
<!-- Generated by org.testng.reporters.JUnitXMLReporter -->
<testsuite ignored="0" hostname="LTIN675367" failures="0" tests="4" name="Chrome" time="78.911" errors="0" timestamp="2026-01-30T10:34:45 IST">
  <testcase classname="testCase.MainTestPage" name="validateTitle" time="0.072"/>
  <testcase classname="testCase.MainTestPage" name="validateLoginFunctionality" time="5.594"/>
  <testcase classname="testCase.MainTestPage" name="validateSearchResults" time="14.468"/>
  <testcase classname="testCase.MainTestPage" name="validateSocialMediaLinks" time="28.135"/>
</testsuite> <!-- Chrome -->
