<?xml version="1.0" encoding="UTF-8"?>
<testng-results ignored="0" total="3" passed="3" failed="0" skipped="0">
  <reporter-output>
  </reporter-output>
  <suite started-at="2026-01-28T09:51:07 IST" name="Default suite" finished-at="2026-01-28T09:51:41 IST" duration-ms="34119">
    <groups>
    </groups>
    <test started-at="2026-01-28T09:51:07 IST" name="Default test" finished-at="2026-01-28T09:51:41 IST" duration-ms="34119">
      <class name="testCase.MainTestPage">
        <test-method is-config="true" signature="driverSetup()[pri:0, instance:testCase.MainTestPage@1ddf84b8]" started-at="2026-01-28T09:51:07 IST" name="driverSetup" finished-at="2026-01-28T09:51:15 IST" duration-ms="8656" status="PASS">
          <reporter-output>
          </reporter-output>
        </test-method> <!-- driverSetup -->
        <test-method signature="validateTitle()[pri:1, instance:testCase.MainTestPage@1ddf84b8]" started-at="2026-01-28T09:51:15 IST" name="validateTitle" finished-at="2026-01-28T09:51:15 IST" duration-ms="64" status="PASS">
          <reporter-output>
          </reporter-output>
        </test-method> <!-- validateTitle -->
        <test-method signature="validateLoginFunctionality()[pri:2, instance:testCase.MainTestPage@1ddf84b8]" started-at="2026-01-28T09:51:15 IST" name="validateLoginFunctionality" finished-at="2026-01-28T09:51:22 IST" duration-ms="6072" status="PASS">
          <reporter-output>
          </reporter-output>
        </test-method> <!-- validateLoginFunctionality -->
        <test-method signature="validateSearchResults()[pri:3, instance:testCase.MainTestPage@1ddf84b8]" started-at="2026-01-28T09:51:22 IST" name="validateSearchResults" finished-at="2026-01-28T09:51:32 IST" duration-ms="10883" status="PASS">
          <reporter-output>
          </reporter-output>
        </test-method> <!-- validateSearchResults -->
        <test-method is-config="true" signature="tearDown()[pri:0, instance:testCase.MainTestPage@1ddf84b8]" started-at="2026-01-28T09:51:32 IST" name="tearDown" finished-at="2026-01-28T09:51:41 IST" duration-ms="8329" status="PASS">
          <reporter-output>
          </reporter-output>
        </test-method> <!-- tearDown -->
      </class> <!-- testCase.MainTestPage -->
    </test> <!-- Default test -->
  </suite> <!-- Default suite -->
</testng-results>
