<?xml version="1.0" encoding="UTF-8"?>
<testng-results ignored="0" total="6" passed="5" failed="1" skipped="0">
  <reporter-output>
  </reporter-output>
  <suite started-at="2026-02-02T09:00:18 IST" name="Default suite" finished-at="2026-02-02T09:01:38 IST" duration-ms="79994">
    <groups>
    </groups>
    <test started-at="2026-02-02T09:00:18 IST" name="Default test" finished-at="2026-02-02T09:01:38 IST" duration-ms="79994">
      <class name="testCase.MainTestPage">
        <test-method is-config="true" signature="driverSetup()[pri:0, instance:testCase.MainTestPage@5e82df6a]" started-at="2026-02-02T09:00:18 IST" name="driverSetup" finished-at="2026-02-02T09:00:28 IST" duration-ms="9419" status="PASS">
          <reporter-output>
          </reporter-output>
        </test-method> <!-- driverSetup -->
        <test-method signature="validateTitle()[pri:1, instance:testCase.MainTestPage@5e82df6a]" started-at="2026-02-02T09:00:28 IST" name="validateTitle" finished-at="2026-02-02T09:00:28 IST" duration-ms="120" status="PASS">
          <reporter-output>
          </reporter-output>
        </test-method> <!-- validateTitle -->
        <test-method signature="validateLoginFunctionality()[pri:2, instance:testCase.MainTestPage@5e82df6a]" started-at="2026-02-02T09:00:28 IST" name="validateLoginFunctionality" finished-at="2026-02-02T09:00:36 IST" duration-ms="7511" status="PASS">
          <reporter-output>
          </reporter-output>
        </test-method> <!-- validateLoginFunctionality -->
        <test-method signature="validateSearchResults()[pri:3, instance:testCase.MainTestPage@5e82df6a]" started-at="2026-02-02T09:00:36 IST" name="validateSearchResults" finished-at="2026-02-02T09:00:57 IST" duration-ms="21614" status="PASS">
          <reporter-output>
          </reporter-output>
        </test-method> <!-- validateSearchResults -->
        <test-method signature="validateSocialMediaLinks()[pri:4, instance:testCase.MainTestPage@5e82df6a]" started-at="2026-02-02T09:00:57 IST" name="validateSocialMediaLinks" finished-at="2026-02-02T09:01:19 IST" duration-ms="21825" status="PASS">
          <reporter-output>
          </reporter-output>
        </test-method> <!-- validateSocialMediaLinks -->
        <test-method signature="validateSubscribe()[pri:5, instance:testCase.MainTestPage@5e82df6a]" started-at="2026-02-02T09:01:19 IST" name="validateSubscribe" finished-at="2026-02-02T09:01:22 IST" duration-ms="2851" status="FAIL">
          <exception class="java.lang.AssertionError">
            <message>
              <![CDATA[expected [true] but found [false]]]>
            </message>
            <full-stacktrace>
              <![CDATA[java.lang.AssertionError: expected [true] but found [false]
at org.testng.Assert.fail(Assert.java:99)
at org.testng.Assert.failNotEquals(Assert.java:1037)
at org.testng.Assert.assertTrue(Assert.java:45)
at org.testng.Assert.assertTrue(Assert.java:55)
at testCase.MainTestPage.validateSubscribe(MainTestPage.java:129)
at java.base/jdk.internal.reflect.DirectMethodHandleAccessor.invoke(DirectMethodHandleAccessor.java:103)
at java.base/java.lang.reflect.Method.invoke(Method.java:580)
at org.testng.internal.MethodInvocationHelper.invokeMethod(MethodInvocationHelper.java:133)
at org.testng.internal.TestInvoker.invokeMethod(TestInvoker.java:598)
at org.testng.internal.TestInvoker.invokeTestMethod(TestInvoker.java:173)
at org.testng.internal.MethodRunner.runInSequence(MethodRunner.java:46)
at org.testng.internal.TestInvoker$MethodInvocationAgent.invoke(TestInvoker.java:824)
at org.testng.internal.TestInvoker.invokeTestMethods(TestInvoker.java:146)
at org.testng.internal.TestMethodWorker.invokeTestMethods(TestMethodWorker.java:146)
at org.testng.internal.TestMethodWorker.run(TestMethodWorker.java:128)
at java.base/java.util.ArrayList.forEach(ArrayList.java:1596)
at org.testng.TestRunner.privateRun(TestRunner.java:794)
at org.testng.TestRunner.run(TestRunner.java:596)
at org.testng.SuiteRunner.runTest(SuiteRunner.java:377)
at org.testng.SuiteRunner.runSequentially(SuiteRunner.java:371)
at org.testng.SuiteRunner.privateRun(SuiteRunner.java:332)
at org.testng.SuiteRunner.run(SuiteRunner.java:276)
at org.testng.SuiteRunnerWorker.runSuite(SuiteRunnerWorker.java:53)
at org.testng.SuiteRunnerWorker.run(SuiteRunnerWorker.java:96)
at org.testng.TestNG.runSuitesSequentially(TestNG.java:1212)
at org.testng.TestNG.runSuitesLocally(TestNG.java:1134)
at org.testng.TestNG.runSuites(TestNG.java:1063)
at org.testng.TestNG.run(TestNG.java:1031)
at org.testng.remote.AbstractRemoteTestNG.run(AbstractRemoteTestNG.java:115)
at org.testng.remote.RemoteTestNG.initAndRun(RemoteTestNG.java:251)
at org.testng.remote.RemoteTestNG.main(RemoteTestNG.java:77)
]]>
            </full-stacktrace>
          </exception> <!-- java.lang.AssertionError -->
          <reporter-output>
          </reporter-output>
        </test-method> <!-- validateSubscribe -->
        <test-method signature="wishList()[pri:6, instance:testCase.MainTestPage@5e82df6a]" started-at="2026-02-02T09:01:22 IST" name="wishList" finished-at="2026-02-02T09:01:29 IST" duration-ms="7097" status="PASS">
          <reporter-output>
          </reporter-output>
        </test-method> <!-- wishList -->
        <test-method is-config="true" signature="tearDown()[pri:0, instance:testCase.MainTestPage@5e82df6a]" started-at="2026-02-02T09:01:29 IST" name="tearDown" finished-at="2026-02-02T09:01:38 IST" duration-ms="9400" status="PASS">
          <reporter-output>
          </reporter-output>
        </test-method> <!-- tearDown -->
      </class> <!-- testCase.MainTestPage -->
    </test> <!-- Default test -->
  </suite> <!-- Default suite -->
</testng-results>
