<?xml version="1.0" encoding="UTF-8"?>
<!-- Generated by org.testng.reporters.JUnitReportReporter -->
<testsuite hostname="LTIN675367" failures="0" tests="3" name="testCase.MainTestPage" time="17.019" errors="0" timestamp="2026-01-28T09:51:41 IST" skipped="0">
  <testcase classname="testCase.MainTestPage" name="validateTitle" time="0.064"/>
  <system-out/>
  <testcase classname="testCase.MainTestPage" name="validateLoginFunctionality" time="6.072"/>
  <system-out/>
  <testcase classname="testCase.MainTestPage" name="validateSearchResults" time="10.883"/>
  <system-out/>
</testsuite> <!-- testCase.MainTestPage -->
